Command line:
   tff_tb_isim_beh.exe
     -simmode  gui
     -simrunnum  0
     -socket  51576

Wed Oct 27 09:07:51 2021


 Elaboration Time: 0.09375 sec

 Current Memory Usage: 5153.91 Meg

 Total Signals          : 10
 Total Nets             : 6
 Total Signal Drivers   : 6
 Total Blocks           : 3
 Total Primitive Blocks : 2
 Total Processes        : 5
 Total Traceable Variables  : 8
 Total Scalar Nets and Variables : 366

** Failure:simulation finished successfully
User(VHDL) Code Called Simulation Stop
In process moore2.vhd:tb 
 


 Total Simulation Time: 0.109375 sec

 Current Memory Usage: 4682.06 Meg

Wed Oct 27 09:16:13 2021

