--------------------------------------------------------------------------------
Release 14.7 Trace  (nt64)
Copyright (c) 1995-2013 Xilinx, Inc.  All rights reserved.

D:\Xilinx\14.7\ISE_DS\ISE\bin\nt64\unwrapped\trce.exe -intstyle ise -v 3 -s 5
-n 3 -fastpaths -xml comparator4bit.twx comparator4bit.ncd -o
comparator4bit.twr comparator4bit.pcf

Design file:              comparator4bit.ncd
Physical constraint file: comparator4bit.pcf
Device,package,speed:     xc3s400,pq208,-5 (PRODUCTION 1.39 2013-10-13)
Report level:             verbose report

Environment Variable      Effect 
--------------------      ------ 
NONE                      No environment variables were set
--------------------------------------------------------------------------------

INFO:Timing:2698 - No timing constraints found, doing default enumeration.
INFO:Timing:3412 - To improve timing, see the Timing Closure User Guide (UG612).
INFO:Timing:2752 - To get complete path coverage, use the unconstrained paths 
   option. All paths that are not constrained will be reported in the 
   unconstrained paths section(s) of the report.
INFO:Timing:3339 - The clock-to-out numbers in this timing report are based on 
   a 50 Ohm transmission line loading model.  For the details of this model, 
   and for more information on accounting for different loading conditions, 
   please see the device datasheet.
INFO:Timing:3390 - This architecture does not support a default System Jitter 
   value, please add SYSTEM_JITTER constraint to the UCF to modify the Clock 
   Uncertainty calculation.
INFO:Timing:3389 - This architecture does not support 'Discrete Jitter' and 
   'Phase Error' calculations, these terms will be zero in the Clock 
   Uncertainty calculation.  Please make appropriate modification to 
   SYSTEM_JITTER to account for the unsupported Discrete Jitter and Phase 
   Error.



Data Sheet report:
-----------------
All values displayed in nanoseconds (ns)

Pad to Pad
---------------+---------------+---------+
Source Pad     |Destination Pad|  Delay  |
---------------+---------------+---------+
A<0>           |eq             |    8.507|
A<0>           |grt            |    8.830|
A<0>           |lt             |    8.719|
A<1>           |eq             |    8.365|
A<1>           |grt            |    8.318|
A<1>           |lt             |    8.276|
A<2>           |eq             |    8.292|
A<2>           |grt            |    7.318|
A<2>           |lt             |    8.046|
A<3>           |eq             |    8.279|
A<3>           |grt            |    7.746|
A<3>           |lt             |    8.033|
B<0>           |eq             |    8.437|
B<0>           |grt            |    8.291|
B<0>           |lt             |    8.285|
B<1>           |eq             |    8.240|
B<1>           |grt            |    8.392|
B<1>           |lt             |    8.454|
B<2>           |eq             |    8.137|
B<2>           |grt            |    8.069|
B<2>           |lt             |    8.213|
B<3>           |eq             |    8.435|
B<3>           |grt            |    7.904|
B<3>           |lt             |    8.189|
---------------+---------------+---------+


Analysis completed Wed Oct 13 09:46:47 2021 
--------------------------------------------------------------------------------

Trace Settings:
-------------------------
Trace Settings 

Peak Memory Usage: 4478 MB



