Command line:
   tb_dff_isim_beh.exe
     -simmode  gui
     -simrunnum  0
     -socket  54644

Wed Oct 20 21:03:49 2021


 Elaboration Time: 0.09375 sec

 Current Memory Usage: 5154.5 Meg

 Total Signals          : 10
 Total Nets             : 5
 Total Signal Drivers   : 5
 Total Blocks           : 3
 Total Primitive Blocks : 2
 Total Processes        : 3
 Total Traceable Variables  : 8
 Total Scalar Nets and Variables : 365

** Failure:simulation ended
User(VHDL) Code Called Simulation Stop
In process DFF.vhd:tb 
 


 Total Simulation Time: 0.109375 sec

 Current Memory Usage: 4682.64 Meg

Wed Oct 20 21:06:12 2021

